[2026-02-14T02:26:52] [INFO] [run_daily] Execution started
[2026-02-14T02:26:52] [INFO] [run_daily] Python version: 3.12.3 (main, Jan 22 2026, 20:57:42) [GCC 13.3.0]
[2026-02-14T02:26:52] [INFO] [run_daily] Working directory: /home/albert/Documents/coding-repository/dev-memory
[2026-02-14T02:26:52] [INFO] [run_daily] Weekend detected, exit
[2026-02-14T02:28:09] [WARNING] [send_report] [DISCORD DELIVERY] Markdown file empty: /tmp/tmp6wv8jq_6/x.md
[2026-02-14T02:28:09] [INFO] [run_daily] Execution started
[2026-02-14T02:28:09] [INFO] [run_daily] Python version: 3.12.3 (main, Jan 22 2026, 20:57:42) [GCC 13.3.0]
[2026-02-14T02:28:09] [INFO] [run_daily] Working directory: /home/albert/Documents/coding-repository/dev-memory
[2026-02-14T02:28:09] [INFO] [run_daily] Time window: 2026-02-13 06:00 -> 2026-02-14 05:59 (label=2026-02-13)
[2026-02-14T02:28:09] [INFO] [run_daily] Daily report generated successfully (0.00s)
[2026-02-14T02:28:09] [INFO] [run_daily] [DISCORD DELIVERY] Preparing send (md=/home/albert/Documents/coding-repository/dev-memory/data/daily/2026-03-01.md)
[2026-02-14T02:28:09] [WARNING] [send_report] [DISCORD DELIVERY] Markdown file not found: /home/albert/Documents/coding-repository/dev-memory/data/daily/2026-03-01.md
[2026-02-14T02:28:09] [INFO] [run_daily] [DISCORD DELIVERY] Status: FAILED (http=None latency_ms=None retry=0 error=markdown_not_found)
[2026-02-14T02:28:09] [INFO] [run_daily] First weekday of month detected, generating monthly for 2026-02
[2026-02-14T02:28:09] [INFO] [run_daily] Monthly report generated successfully (0.00s)
[2026-02-14T02:28:09] [INFO] [run_daily] Execution finished (total=0.00s, daily=0.00s, monthly=0.00s)
[2026-02-14T02:28:09] [INFO] [run_daily] Execution started
[2026-02-14T02:28:09] [INFO] [run_daily] Python version: 3.12.3 (main, Jan 22 2026, 20:57:42) [GCC 13.3.0]
[2026-02-14T02:28:09] [INFO] [run_daily] Working directory: /home/albert/Documents/coding-repository/dev-memory
[2026-02-14T02:28:09] [INFO] [run_daily] Weekend detected, exit
[2026-02-14T02:28:38] [INFO] [send_report] [DISCORD DELIVERY] Start: 2026-02-14 02:28:38
[2026-02-14T02:28:38] [INFO] [send_report] [DISCORD DELIVERY] Payload Size: 4955 bytes
[2026-02-14T02:28:38] [INFO] [send_report] [DISCORD DELIVERY] Message Length: 116 chars
[2026-02-14T02:28:46] [INFO] [send_report] [DISCORD DELIVERY] Start: 2026-02-14 02:28:46
[2026-02-14T02:28:46] [INFO] [send_report] [DISCORD DELIVERY] Payload Size: 4955 bytes
[2026-02-14T02:28:46] [INFO] [send_report] [DISCORD DELIVERY] Message Length: 116 chars
